Building prefix dict from the default dictionary ...
Dumping model to file cache /tmp/jieba.cache
Loading model cost 0.593 seconds.
Prefix dict has been built successfully.
[2026-02-12 22:58:53 +0800] [131] [INFO] Starting gunicorn 23.0.0
[2026-02-12 22:58:53 +0800] [131] [INFO] Listening at: http://0.0.0.0:8080 (131)
[2026-02-12 22:58:53 +0800] [131] [INFO] Using worker: gthread
[2026-02-12 22:58:53 +0800] [311] [INFO] Booting worker with pid: 311
[2026-02-12 22:58:53 +0800] [312] [INFO] Booting worker with pid: 312
  File "/usr/local/lib/python3.11/threading.py", line 1002, in _bootstrap
    self._bootstrap_inner()
  File "/usr/local/lib/python3.11/threading.py", line 1045, in _bootstrap_inner
    self.run()
  File "/usr/local/lib/python3.11/threading.py", line 982, in run
    self._target(*self._args, **self._kwargs)
  File "/usr/local/lib/python3.11/concurrent/futures/thread.py", line 83, in _worker
    work_item.run()
  File "/usr/local/lib/python3.11/concurrent/futures/thread.py", line 58, in run
    result = self.fn(*self.args, **self.kwargs)
  File "/opt/py3/lib/python3.11/site-packages/gunicorn/workers/gthread.py", line 281, in handle
    keepalive = self.handle_request(req, conn)
  File "/opt/py3/lib/python3.11/site-packages/gunicorn/workers/gthread.py", line 333, in handle_request
    respiter = self.wsgi(environ, resp.start_response)
  File "/opt/py3/lib/python3.11/site-packages/django/core/handlers/wsgi.py", line 124, in __call__
    response = self.get_response(request)
  File "/opt/py3/lib/python3.11/site-packages/django/core/handlers/base.py", line 140, in get_response
    response = self._middleware_chain(request)
  File "/opt/py3/lib/python3.11/site-packages/django/core/handlers/exception.py", line 55, in inner
    response = get_response(request)
  File "/opt/py3/lib/python3.11/site-packages/django/utils/deprecation.py", line 120, in __call__
    response = response or self.get_response(request)
  File "/opt/py3/lib/python3.11/site-packages/django/core/handlers/exception.py", line 55, in inner
    response = get_response(request)
  File "/opt/py3/lib/python3.11/site-packages/django/utils/deprecation.py", line 120, in __call__
    response = response or self.get_response(request)
  File "/opt/py3/lib/python3.11/site-packages/django/core/handlers/exception.py", line 55, in inner
    response = get_response(request)
  File "/opt/py3/lib/python3.11/site-packages/django/utils/deprecation.py", line 120, in __call__
    response = response or self.get_response(request)
  File "/opt/py3/lib/python3.11/site-packages/django/core/handlers/exception.py", line 55, in inner
    response = get_response(request)
  File "/opt/py3/lib/python3.11/site-packages/django/utils/deprecation.py", line 120, in __call__
    response = response or self.get_response(request)
  File "/opt/py3/lib/python3.11/site-packages/django/core/handlers/exception.py", line 55, in inner
    response = get_response(request)
  File "/opt/py3/lib/python3.11/site-packages/django/utils/deprecation.py", line 120, in __call__
    response = response or self.get_response(request)
  File "/opt/py3/lib/python3.11/site-packages/django/core/handlers/exception.py", line 55, in inner
    response = get_response(request)
  File "/opt/py3/lib/python3.11/site-packages/django/utils/deprecation.py", line 120, in __call__
    response = response or self.get_response(request)
  File "/opt/py3/lib/python3.11/site-packages/django/core/handlers/exception.py", line 55, in inner
    response = get_response(request)
  File "/opt/py3/lib/python3.11/site-packages/django/utils/deprecation.py", line 120, in __call__
    response = response or self.get_response(request)
  File "/opt/py3/lib/python3.11/site-packages/django/core/handlers/exception.py", line 55, in inner
    response = get_response(request)
  File "/opt/py3/lib/python3.11/site-packages/django/utils/deprecation.py", line 120, in __call__
    response = response or self.get_response(request)
  File "/opt/py3/lib/python3.11/site-packages/django/core/handlers/exception.py", line 55, in inner
    response = get_response(request)
  File "/opt/py3/lib/python3.11/site-packages/django/core/handlers/base.py", line 197, in _get_response
    response = wrapped_callback(request, *callback_args, **callback_kwargs)
  File "/opt/py3/lib/python3.11/site-packages/django/views/decorators/csrf.py", line 65, in _view_wrapper
    return view_func(request, *args, **kwargs)
  File "/opt/py3/lib/python3.11/site-packages/django/views/generic/base.py", line 105, in view
    return self.dispatch(request, *args, **kwargs)
  File "/opt/py3/lib/python3.11/site-packages/rest_framework/views.py", line 503, in dispatch
    self.initial(request, *args, **kwargs)
  File "/opt/py3/lib/python3.11/site-packages/rest_framework/views.py", line 420, in initial
    self.perform_authentication(request)
  File "/opt/py3/lib/python3.11/site-packages/rest_framework/views.py", line 330, in perform_authentication
    request.user
  File "/opt/py3/lib/python3.11/site-packages/rest_framework/request.py", line 232, in user
    self._authenticate()
  File "/opt/py3/lib/python3.11/site-packages/rest_framework/request.py", line 385, in _authenticate
    user_auth_tuple = authenticator.authenticate(self)
  File "/opt/maxkb-app/apps/common/auth/authenticate.py", line 91, in authenticate
    traceback.print_stack()
2026-02-12 22:59:20 [log WARNING] Unauthorized: /admin/api/user/profile
Building prefix dict from the default dictionary ...
Loading model from cache /tmp/jieba.cache
Loading model cost 0.708 seconds.
Prefix dict has been built successfully.
[2026-02-12 23:05:24 +0800] [81] [INFO] Starting gunicorn 23.0.0
[2026-02-12 23:05:24 +0800] [81] [INFO] Listening at: http://0.0.0.0:8080 (81)
[2026-02-12 23:05:24 +0800] [81] [INFO] Using worker: gthread
[2026-02-12 23:05:24 +0800] [233] [INFO] Booting worker with pid: 233
[2026-02-12 23:05:24 +0800] [234] [INFO] Booting worker with pid: 234
Building prefix dict from the default dictionary ...
Loading model from cache /tmp/jieba.cache
Loading model cost 0.811 seconds.
Prefix dict has been built successfully.
[2026-02-13 13:31:44 +0800] [81] [INFO] Starting gunicorn 23.0.0
[2026-02-13 13:31:44 +0800] [81] [INFO] Listening at: http://0.0.0.0:8080 (81)
[2026-02-13 13:31:44 +0800] [81] [INFO] Using worker: gthread
[2026-02-13 13:31:44 +0800] [231] [INFO] Booting worker with pid: 231
[2026-02-13 13:31:44 +0800] [236] [INFO] Booting worker with pid: 236
  File "/usr/local/lib/python3.11/threading.py", line 1002, in _bootstrap
    self._bootstrap_inner()
  File "/usr/local/lib/python3.11/threading.py", line 1045, in _bootstrap_inner
    self.run()
  File "/usr/local/lib/python3.11/threading.py", line 982, in run
    self._target(*self._args, **self._kwargs)
  File "/usr/local/lib/python3.11/concurrent/futures/thread.py", line 83, in _worker
    work_item.run()
  File "/usr/local/lib/python3.11/concurrent/futures/thread.py", line 58, in run
    result = self.fn(*self.args, **self.kwargs)
  File "/opt/py3/lib/python3.11/site-packages/gunicorn/workers/gthread.py", line 281, in handle
    keepalive = self.handle_request(req, conn)
  File "/opt/py3/lib/python3.11/site-packages/gunicorn/workers/gthread.py", line 333, in handle_request
    respiter = self.wsgi(environ, resp.start_response)
  File "/opt/py3/lib/python3.11/site-packages/django/core/handlers/wsgi.py", line 124, in __call__
    response = self.get_response(request)
  File "/opt/py3/lib/python3.11/site-packages/django/core/handlers/base.py", line 140, in get_response
    response = self._middleware_chain(request)
  File "/opt/py3/lib/python3.11/site-packages/django/core/handlers/exception.py", line 55, in inner
    response = get_response(request)
  File "/opt/py3/lib/python3.11/site-packages/django/utils/deprecation.py", line 120, in __call__
    response = response or self.get_response(request)
  File "/opt/py3/lib/python3.11/site-packages/django/core/handlers/exception.py", line 55, in inner
    response = get_response(request)
  File "/opt/py3/lib/python3.11/site-packages/django/utils/deprecation.py", line 120, in __call__
    response = response or self.get_response(request)
  File "/opt/py3/lib/python3.11/site-packages/django/core/handlers/exception.py", line 55, in inner
    response = get_response(request)
  File "/opt/py3/lib/python3.11/site-packages/django/utils/deprecation.py", line 120, in __call__
    response = response or self.get_response(request)
  File "/opt/py3/lib/python3.11/site-packages/django/core/handlers/exception.py", line 55, in inner
    response = get_response(request)
  File "/opt/py3/lib/python3.11/site-packages/django/utils/deprecation.py", line 120, in __call__
    response = response or self.get_response(request)
  File "/opt/py3/lib/python3.11/site-packages/django/core/handlers/exception.py", line 55, in inner
    response = get_response(request)
  File "/opt/py3/lib/python3.11/site-packages/django/utils/deprecation.py", line 120, in __call__
    response = response or self.get_response(request)
  File "/opt/py3/lib/python3.11/site-packages/django/core/handlers/exception.py", line 55, in inner
    response = get_response(request)
  File "/opt/py3/lib/python3.11/site-packages/django/utils/deprecation.py", line 120, in __call__
    response = response or self.get_response(request)
  File "/opt/py3/lib/python3.11/site-packages/django/core/handlers/exception.py", line 55, in inner
    response = get_response(request)
  File "/opt/py3/lib/python3.11/site-packages/django/utils/deprecation.py", line 120, in __call__
    response = response or self.get_response(request)
  File "/opt/py3/lib/python3.11/site-packages/django/core/handlers/exception.py", line 55, in inner
    response = get_response(request)
  File "/opt/py3/lib/python3.11/site-packages/django/utils/deprecation.py", line 120, in __call__
    response = response or self.get_response(request)
  File "/opt/py3/lib/python3.11/site-packages/django/core/handlers/exception.py", line 55, in inner
    response = get_response(request)
  File "/opt/py3/lib/python3.11/site-packages/django/core/handlers/base.py", line 197, in _get_response
    response = wrapped_callback(request, *callback_args, **callback_kwargs)
  File "/opt/py3/lib/python3.11/site-packages/django/views/decorators/csrf.py", line 65, in _view_wrapper
    return view_func(request, *args, **kwargs)
  File "/opt/py3/lib/python3.11/site-packages/django/views/generic/base.py", line 105, in view
    return self.dispatch(request, *args, **kwargs)
  File "/opt/py3/lib/python3.11/site-packages/rest_framework/views.py", line 503, in dispatch
    self.initial(request, *args, **kwargs)
  File "/opt/py3/lib/python3.11/site-packages/rest_framework/views.py", line 420, in initial
    self.perform_authentication(request)
  File "/opt/py3/lib/python3.11/site-packages/rest_framework/views.py", line 330, in perform_authentication
    request.user
  File "/opt/py3/lib/python3.11/site-packages/rest_framework/request.py", line 232, in user
    self._authenticate()
  File "/opt/py3/lib/python3.11/site-packages/rest_framework/request.py", line 385, in _authenticate
    user_auth_tuple = authenticator.authenticate(self)
  File "/opt/maxkb-app/apps/common/auth/authenticate.py", line 91, in authenticate
    traceback.print_stack()
2026-02-13 13:32:07 [log WARNING] Unauthorized: /admin/api/user/profile
Building prefix dict from the default dictionary ...
Loading model from cache /tmp/jieba.cache
Loading model cost 0.824 seconds.
Prefix dict has been built successfully.
[2026-02-13 15:23:54 +0800] [80] [INFO] Starting gunicorn 23.0.0
[2026-02-13 15:23:54 +0800] [80] [INFO] Listening at: http://0.0.0.0:8080 (80)
[2026-02-13 15:23:54 +0800] [80] [INFO] Using worker: gthread
[2026-02-13 15:23:54 +0800] [253] [INFO] Booting worker with pid: 253
[2026-02-13 15:23:54 +0800] [255] [INFO] Booting worker with pid: 255
  File "/usr/local/lib/python3.11/threading.py", line 1002, in _bootstrap
    self._bootstrap_inner()
  File "/usr/local/lib/python3.11/threading.py", line 1045, in _bootstrap_inner
    self.run()
  File "/usr/local/lib/python3.11/threading.py", line 982, in run
    self._target(*self._args, **self._kwargs)
  File "/usr/local/lib/python3.11/concurrent/futures/thread.py", line 83, in _worker
    work_item.run()
  File "/usr/local/lib/python3.11/concurrent/futures/thread.py", line 58, in run
    result = self.fn(*self.args, **self.kwargs)
  File "/opt/py3/lib/python3.11/site-packages/gunicorn/workers/gthread.py", line 281, in handle
    keepalive = self.handle_request(req, conn)
  File "/opt/py3/lib/python3.11/site-packages/gunicorn/workers/gthread.py", line 333, in handle_request
    respiter = self.wsgi(environ, resp.start_response)
  File "/opt/py3/lib/python3.11/site-packages/django/core/handlers/wsgi.py", line 124, in __call__
    response = self.get_response(request)
  File "/opt/py3/lib/python3.11/site-packages/django/core/handlers/base.py", line 140, in get_response
    response = self._middleware_chain(request)
  File "/opt/py3/lib/python3.11/site-packages/django/core/handlers/exception.py", line 55, in inner
    response = get_response(request)
  File "/opt/py3/lib/python3.11/site-packages/django/utils/deprecation.py", line 120, in __call__
    response = response or self.get_response(request)
  File "/opt/py3/lib/python3.11/site-packages/django/core/handlers/exception.py", line 55, in inner
    response = get_response(request)
  File "/opt/py3/lib/python3.11/site-packages/django/utils/deprecation.py", line 120, in __call__
    response = response or self.get_response(request)
  File "/opt/py3/lib/python3.11/site-packages/django/core/handlers/exception.py", line 55, in inner
    response = get_response(request)
  File "/opt/py3/lib/python3.11/site-packages/django/utils/deprecation.py", line 120, in __call__
    response = response or self.get_response(request)
  File "/opt/py3/lib/python3.11/site-packages/django/core/handlers/exception.py", line 55, in inner
    response = get_response(request)
  File "/opt/py3/lib/python3.11/site-packages/django/utils/deprecation.py", line 120, in __call__
    response = response or self.get_response(request)
  File "/opt/py3/lib/python3.11/site-packages/django/core/handlers/exception.py", line 55, in inner
    response = get_response(request)
  File "/opt/py3/lib/python3.11/site-packages/django/utils/deprecation.py", line 120, in __call__
    response = response or self.get_response(request)
  File "/opt/py3/lib/python3.11/site-packages/django/core/handlers/exception.py", line 55, in inner
    response = get_response(request)
  File "/opt/py3/lib/python3.11/site-packages/django/utils/deprecation.py", line 120, in __call__
    response = response or self.get_response(request)
  File "/opt/py3/lib/python3.11/site-packages/django/core/handlers/exception.py", line 55, in inner
    response = get_response(request)
  File "/opt/py3/lib/python3.11/site-packages/django/utils/deprecation.py", line 120, in __call__
    response = response or self.get_response(request)
  File "/opt/py3/lib/python3.11/site-packages/django/core/handlers/exception.py", line 55, in inner
    response = get_response(request)
  File "/opt/py3/lib/python3.11/site-packages/django/utils/deprecation.py", line 120, in __call__
    response = response or self.get_response(request)
  File "/opt/py3/lib/python3.11/site-packages/django/core/handlers/exception.py", line 55, in inner
    response = get_response(request)
  File "/opt/py3/lib/python3.11/site-packages/django/core/handlers/base.py", line 197, in _get_response
    response = wrapped_callback(request, *callback_args, **callback_kwargs)
  File "/opt/py3/lib/python3.11/site-packages/django/views/decorators/csrf.py", line 65, in _view_wrapper
    return view_func(request, *args, **kwargs)
  File "/opt/py3/lib/python3.11/site-packages/django/views/generic/base.py", line 105, in view
    return self.dispatch(request, *args, **kwargs)
  File "/opt/py3/lib/python3.11/site-packages/rest_framework/views.py", line 503, in dispatch
    self.initial(request, *args, **kwargs)
  File "/opt/py3/lib/python3.11/site-packages/rest_framework/views.py", line 420, in initial
    self.perform_authentication(request)
  File "/opt/py3/lib/python3.11/site-packages/rest_framework/views.py", line 330, in perform_authentication
    request.user
  File "/opt/py3/lib/python3.11/site-packages/rest_framework/request.py", line 232, in user
    self._authenticate()
  File "/opt/py3/lib/python3.11/site-packages/rest_framework/request.py", line 385, in _authenticate
    user_auth_tuple = authenticator.authenticate(self)
  File "/opt/maxkb-app/apps/common/auth/authenticate.py", line 91, in authenticate
    traceback.print_stack()
2026-02-14 10:51:35 [log WARNING] Unauthorized: /admin/api/user/profile
Building prefix dict from the default dictionary ...
Loading model from cache /tmp/jieba.cache
Loading model cost 0.753 seconds.
Prefix dict has been built successfully.
[2026-02-14 15:44:27 +0800] [78] [INFO] Starting gunicorn 23.0.0
[2026-02-14 15:44:27 +0800] [78] [INFO] Listening at: http://0.0.0.0:8080 (78)
[2026-02-14 15:44:27 +0800] [78] [INFO] Using worker: gthread
[2026-02-14 15:44:27 +0800] [246] [INFO] Booting worker with pid: 246
[2026-02-14 15:44:27 +0800] [248] [INFO] Booting worker with pid: 248
2026-02-14 17:10:44 [log WARNING] Not Found: /chat/api/019c525e-7671-7c63-9d84-20b12fc1574e
2026-02-14 17:11:00 [log WARNING] Not Found: /chat/api/019c525e-7671-7c63-9d84-20b12fc1574e
2026-02-14 17:11:02 [log WARNING] Not Found: /chat/api/019c525e-7671-7c63-9d84-20b12fc1574e
Building prefix dict from the default dictionary ...
Loading model from cache /tmp/jieba.cache
Loading model cost 0.776 seconds.
Prefix dict has been built successfully.
[2026-02-14 22:06:36 +0800] [81] [INFO] Starting gunicorn 23.0.0
[2026-02-14 22:06:36 +0800] [81] [INFO] Listening at: http://0.0.0.0:8080 (81)
[2026-02-14 22:06:36 +0800] [81] [INFO] Using worker: gthread
[2026-02-14 22:06:36 +0800] [244] [INFO] Booting worker with pid: 244
[2026-02-14 22:06:37 +0800] [252] [INFO] Booting worker with pid: 252
