Building prefix dict from the default dictionary ...
Dumping model to file cache /tmp/jieba.cache
Loading model cost 0.603 seconds.
Prefix dict has been built successfully.
[2026-02-12 22:58:53 +0800] [130] [INFO] Starting gunicorn 23.0.0
[2026-02-12 22:58:53 +0800] [130] [INFO] Listening at: http://127.0.0.1:11636 (130)
[2026-02-12 22:58:53 +0800] [130] [INFO] Using worker: gthread
[2026-02-12 22:58:53 +0800] [314] [INFO] Booting worker with pid: 314
Building prefix dict from the default dictionary ...
Loading model from cache /tmp/jieba.cache
Loading model cost 0.712 seconds.
Prefix dict has been built successfully.
[2026-02-12 23:05:24 +0800] [78] [INFO] Starting gunicorn 23.0.0
[2026-02-12 23:05:24 +0800] [78] [INFO] Listening at: http://127.0.0.1:11636 (78)
[2026-02-12 23:05:24 +0800] [78] [INFO] Using worker: gthread
[2026-02-12 23:05:24 +0800] [237] [INFO] Booting worker with pid: 237
Building prefix dict from the default dictionary ...
Loading model from cache /tmp/jieba.cache
Loading model cost 0.799 seconds.
Prefix dict has been built successfully.
[2026-02-13 13:31:44 +0800] [79] [INFO] Starting gunicorn 23.0.0
[2026-02-13 13:31:44 +0800] [79] [INFO] Listening at: http://127.0.0.1:11636 (79)
[2026-02-13 13:31:44 +0800] [79] [INFO] Using worker: gthread
[2026-02-13 13:31:44 +0800] [245] [INFO] Booting worker with pid: 245
Building prefix dict from the default dictionary ...
Loading model from cache /tmp/jieba.cache
Loading model cost 0.847 seconds.
Prefix dict has been built successfully.
[2026-02-13 15:23:54 +0800] [78] [INFO] Starting gunicorn 23.0.0
[2026-02-13 15:23:54 +0800] [78] [INFO] Listening at: http://127.0.0.1:11636 (78)
[2026-02-13 15:23:54 +0800] [78] [INFO] Using worker: gthread
[2026-02-13 15:23:54 +0800] [251] [INFO] Booting worker with pid: 251
Building prefix dict from the default dictionary ...
Loading model from cache /tmp/jieba.cache
Loading model cost 0.737 seconds.
Prefix dict has been built successfully.
[2026-02-14 15:44:27 +0800] [80] [INFO] Starting gunicorn 23.0.0
[2026-02-14 15:44:27 +0800] [80] [INFO] Listening at: http://127.0.0.1:11636 (80)
[2026-02-14 15:44:27 +0800] [80] [INFO] Using worker: gthread
[2026-02-14 15:44:27 +0800] [240] [INFO] Booting worker with pid: 240
Building prefix dict from the default dictionary ...
Loading model from cache /tmp/jieba.cache
Loading model cost 0.789 seconds.
Prefix dict has been built successfully.
[2026-02-14 22:06:37 +0800] [79] [INFO] Starting gunicorn 23.0.0
[2026-02-14 22:06:37 +0800] [79] [INFO] Listening at: http://127.0.0.1:11636 (79)
[2026-02-14 22:06:37 +0800] [79] [INFO] Using worker: gthread
[2026-02-14 22:06:37 +0800] [257] [INFO] Booting worker with pid: 257
