2026-02-20 00:00:03 [log WARNING] Not Found: /chat/api/profile
2026-02-20 00:00:16 [log WARNING] Not Found: /chat/api/profile
2026-02-20 00:01:31 [log WARNING] Not Found: /chat/api/profile
2026-02-20 00:05:00 [clean_chat_job INFO] 开始清理聊天日志
2026-02-20 00:05:00 [clean_chat_job INFO] 结束清理聊天日志
2026-02-20 00:05:52 [log WARNING] Not Found: /chat/api/profile
2026-02-20 00:07:23 [log WARNING] Not Found: /chat/api/profile
2026-02-20 00:07:31 [log WARNING] Not Found: /chat/api/profile
2026-02-20 00:10:48 [log WARNING] Not Found: /chat/api/profile
2026-02-20 00:10:54 [log WARNING] Not Found: /chat/api/profile
2026-02-20 00:16:09 [log WARNING] Not Found: /chat/api/profile
2026-02-20 21:33:40 [log WARNING] Not Found: /chat/api/profile
2026-02-20 21:33:46 [log WARNING] Not Found: /chat/api/profile
2026-02-20 21:34:10 [log WARNING] Not Found: /chat/api/profile
2026-02-20 21:42:03 [log WARNING] Unauthorized: /admin/api/user/profile
2026-02-20 21:42:03 [log WARNING] Unauthorized: /admin/api/user/profile
2026-02-20 22:35:46 [log WARNING] Not Found: /chat/api/019c525e-7671-7c63-9d84-20b12fc1574e/chat
2026-02-20 22:38:05 [log WARNING] Not Found: /chat/api/019c525e-7671-7c63-9d84-20b12fc1574e/chat
2026-02-20 22:41:42 [log WARNING] Not Found: /chat/api/019c525e-7671-7c63-9d84-20b12fc1574e/chat
2026-02-20 22:42:22 [log WARNING] Not Found: /chat/api/019c525e-7671-7c63-9d84-20b12fc1574e/chat
2026-02-20 22:44:02 [log WARNING] Not Found: /chat/api/019c525e-7671-7c63-9d84-20b12fc1574e/chat
2026-02-20 22:48:57 [log WARNING] Not Found: /chat/api/019c525e-7671-7c63-9d84-20b12fc1574e
2026-02-20 22:57:09 [log WARNING] Not Found: /chat/api/019c525e-7671-7c63-9d84-20b12fc1574e/chat
2026-02-20 22:57:25 [log WARNING] Not Found: /chat/api/019c525e-7671-7c63-9d84-20b12fc1574e/chat
2026-02-20 22:57:34 [log WARNING] Not Found: /chat/api/019c525e-7671-7c63-9d84-20b12fc1574e/chat
2026-02-20 23:03:52 [log WARNING] Not Found: /chat/api/019c525e-7671-7c63-9d84-20b12fc1574e
2026-02-20 23:05:27 [log WARNING] Not Found: /chat/api/019c525e-7671-7c63-9d84-20b12fc1574e/chat
2026-02-20 23:06:11 [log WARNING] Not Found: /chat/api/019c525e-7671-7c63-9d84-20b12fc1574e/chat
2026-02-20 23:07:07 [log WARNING] Not Found: /chat/api/019c525e-7671-7c63-9d84-20b12fc1574e/chat
2026-02-20 23:07:52 [log WARNING] Not Found: /chat/api/019c525e-7671-7c63-9d84-20b12fc1574e/chat
2026-02-20 23:08:17 [log WARNING] Not Found: /chat/api/019c525e-7671-7c63-9d84-20b12fc1574e/chat
2026-02-20 23:08:29 [log WARNING] Not Found: /chat/api/019c525e-7671-7c63-9d84-20b12fc1574e/chat
2026-02-20 23:36:02 [log WARNING] Not Found: /chat/api/019c525e-7671-7c63-9d84-20b12fc1574e/chat
2026-02-20 23:47:06 [log WARNING] Not Found: /chat/api/74b3dfb549785c69/chat
2026-02-20 23:47:11 [log WARNING] Not Found: /chat/api/74b3dfb549785c69/chat
2026-02-20 23:47:48 [log WARNING] Not Found: /chat/api/74b3dfb549785c69/chat
