Building prefix dict from the default dictionary ...
Loading model from cache /tmp/jieba.cache
Loading model cost 0.616 seconds.
Prefix dict has been built successfully.
[2026-02-15 16:22:06 +0800] [79] [INFO] Starting gunicorn 23.0.0
[2026-02-15 16:22:06 +0800] [79] [INFO] Listening at: http://0.0.0.0:8080 (79)
[2026-02-15 16:22:06 +0800] [79] [INFO] Using worker: gthread
[2026-02-15 16:22:06 +0800] [239] [INFO] Booting worker with pid: 239
[2026-02-15 16:22:06 +0800] [241] [INFO] Booting worker with pid: 241
  File "/usr/local/lib/python3.11/threading.py", line 1002, in _bootstrap
    self._bootstrap_inner()
  File "/usr/local/lib/python3.11/threading.py", line 1045, in _bootstrap_inner
    self.run()
  File "/usr/local/lib/python3.11/threading.py", line 982, in run
    self._target(*self._args, **self._kwargs)
  File "/usr/local/lib/python3.11/concurrent/futures/thread.py", line 83, in _worker
    work_item.run()
  File "/usr/local/lib/python3.11/concurrent/futures/thread.py", line 58, in run
    result = self.fn(*self.args, **self.kwargs)
  File "/opt/py3/lib/python3.11/site-packages/gunicorn/workers/gthread.py", line 281, in handle
    keepalive = self.handle_request(req, conn)
  File "/opt/py3/lib/python3.11/site-packages/gunicorn/workers/gthread.py", line 333, in handle_request
    respiter = self.wsgi(environ, resp.start_response)
  File "/opt/py3/lib/python3.11/site-packages/django/core/handlers/wsgi.py", line 124, in __call__
    response = self.get_response(request)
  File "/opt/py3/lib/python3.11/site-packages/django/core/handlers/base.py", line 140, in get_response
    response = self._middleware_chain(request)
  File "/opt/py3/lib/python3.11/site-packages/django/core/handlers/exception.py", line 55, in inner
    response = get_response(request)
  File "/opt/py3/lib/python3.11/site-packages/django/utils/deprecation.py", line 120, in __call__
    response = response or self.get_response(request)
  File "/opt/py3/lib/python3.11/site-packages/django/core/handlers/exception.py", line 55, in inner
    response = get_response(request)
  File "/opt/py3/lib/python3.11/site-packages/django/utils/deprecation.py", line 120, in __call__
    response = response or self.get_response(request)
  File "/opt/py3/lib/python3.11/site-packages/django/core/handlers/exception.py", line 55, in inner
    response = get_response(request)
  File "/opt/py3/lib/python3.11/site-packages/django/utils/deprecation.py", line 120, in __call__
    response = response or self.get_response(request)
  File "/opt/py3/lib/python3.11/site-packages/django/core/handlers/exception.py", line 55, in inner
    response = get_response(request)
  File "/opt/py3/lib/python3.11/site-packages/django/utils/deprecation.py", line 120, in __call__
    response = response or self.get_response(request)
  File "/opt/py3/lib/python3.11/site-packages/django/core/handlers/exception.py", line 55, in inner
    response = get_response(request)
  File "/opt/py3/lib/python3.11/site-packages/django/utils/deprecation.py", line 120, in __call__
    response = response or self.get_response(request)
  File "/opt/py3/lib/python3.11/site-packages/django/core/handlers/exception.py", line 55, in inner
    response = get_response(request)
  File "/opt/py3/lib/python3.11/site-packages/django/utils/deprecation.py", line 120, in __call__
    response = response or self.get_response(request)
  File "/opt/py3/lib/python3.11/site-packages/django/core/handlers/exception.py", line 55, in inner
    response = get_response(request)
  File "/opt/py3/lib/python3.11/site-packages/django/utils/deprecation.py", line 120, in __call__
    response = response or self.get_response(request)
  File "/opt/py3/lib/python3.11/site-packages/django/core/handlers/exception.py", line 55, in inner
    response = get_response(request)
  File "/opt/py3/lib/python3.11/site-packages/django/utils/deprecation.py", line 120, in __call__
    response = response or self.get_response(request)
  File "/opt/py3/lib/python3.11/site-packages/django/core/handlers/exception.py", line 55, in inner
    response = get_response(request)
  File "/opt/py3/lib/python3.11/site-packages/django/core/handlers/base.py", line 197, in _get_response
    response = wrapped_callback(request, *callback_args, **callback_kwargs)
  File "/opt/py3/lib/python3.11/site-packages/django/views/decorators/csrf.py", line 65, in _view_wrapper
    return view_func(request, *args, **kwargs)
  File "/opt/py3/lib/python3.11/site-packages/django/views/generic/base.py", line 105, in view
    return self.dispatch(request, *args, **kwargs)
  File "/opt/py3/lib/python3.11/site-packages/rest_framework/views.py", line 503, in dispatch
    self.initial(request, *args, **kwargs)
  File "/opt/py3/lib/python3.11/site-packages/rest_framework/views.py", line 420, in initial
    self.perform_authentication(request)
  File "/opt/py3/lib/python3.11/site-packages/rest_framework/views.py", line 330, in perform_authentication
    request.user
  File "/opt/py3/lib/python3.11/site-packages/rest_framework/request.py", line 232, in user
    self._authenticate()
  File "/opt/py3/lib/python3.11/site-packages/rest_framework/request.py", line 385, in _authenticate
    user_auth_tuple = authenticator.authenticate(self)
  File "/opt/maxkb-app/apps/common/auth/authenticate.py", line 91, in authenticate
    traceback.print_stack()
2026-02-15 16:22:49 [log WARNING] Unauthorized: /admin/api/user/profile
Building prefix dict from the default dictionary ...
Loading model from cache /tmp/jieba.cache
Loading model cost 0.739 seconds.
Prefix dict has been built successfully.
[2026-02-19 21:33:52 +0800] [81] [INFO] Starting gunicorn 23.0.0
[2026-02-19 21:33:52 +0800] [81] [INFO] Listening at: http://0.0.0.0:8080 (81)
[2026-02-19 21:33:52 +0800] [81] [INFO] Using worker: gthread
[2026-02-19 21:33:52 +0800] [233] [INFO] Booting worker with pid: 233
[2026-02-19 21:33:52 +0800] [235] [INFO] Booting worker with pid: 235
  File "/usr/local/lib/python3.11/threading.py", line 1002, in _bootstrap
    self._bootstrap_inner()
  File "/usr/local/lib/python3.11/threading.py", line 1045, in _bootstrap_inner
    self.run()
  File "/usr/local/lib/python3.11/threading.py", line 982, in run
    self._target(*self._args, **self._kwargs)
  File "/usr/local/lib/python3.11/concurrent/futures/thread.py", line 83, in _worker
    work_item.run()
  File "/usr/local/lib/python3.11/concurrent/futures/thread.py", line 58, in run
    result = self.fn(*self.args, **self.kwargs)
  File "/opt/py3/lib/python3.11/site-packages/gunicorn/workers/gthread.py", line 281, in handle
    keepalive = self.handle_request(req, conn)
  File "/opt/py3/lib/python3.11/site-packages/gunicorn/workers/gthread.py", line 333, in handle_request
    respiter = self.wsgi(environ, resp.start_response)
  File "/opt/py3/lib/python3.11/site-packages/django/core/handlers/wsgi.py", line 124, in __call__
    response = self.get_response(request)
  File "/opt/py3/lib/python3.11/site-packages/django/core/handlers/base.py", line 140, in get_response
    response = self._middleware_chain(request)
  File "/opt/py3/lib/python3.11/site-packages/django/core/handlers/exception.py", line 55, in inner
    response = get_response(request)
  File "/opt/py3/lib/python3.11/site-packages/django/utils/deprecation.py", line 120, in __call__
    response = response or self.get_response(request)
  File "/opt/py3/lib/python3.11/site-packages/django/core/handlers/exception.py", line 55, in inner
    response = get_response(request)
  File "/opt/py3/lib/python3.11/site-packages/django/utils/deprecation.py", line 120, in __call__
    response = response or self.get_response(request)
  File "/opt/py3/lib/python3.11/site-packages/django/core/handlers/exception.py", line 55, in inner
    response = get_response(request)
  File "/opt/py3/lib/python3.11/site-packages/django/utils/deprecation.py", line 120, in __call__
    response = response or self.get_response(request)
  File "/opt/py3/lib/python3.11/site-packages/django/core/handlers/exception.py", line 55, in inner
    response = get_response(request)
  File "/opt/py3/lib/python3.11/site-packages/django/utils/deprecation.py", line 120, in __call__
    response = response or self.get_response(request)
  File "/opt/py3/lib/python3.11/site-packages/django/core/handlers/exception.py", line 55, in inner
    response = get_response(request)
  File "/opt/py3/lib/python3.11/site-packages/django/utils/deprecation.py", line 120, in __call__
    response = response or self.get_response(request)
  File "/opt/py3/lib/python3.11/site-packages/django/core/handlers/exception.py", line 55, in inner
    response = get_response(request)
  File "/opt/py3/lib/python3.11/site-packages/django/utils/deprecation.py", line 120, in __call__
    response = response or self.get_response(request)
  File "/opt/py3/lib/python3.11/site-packages/django/core/handlers/exception.py", line 55, in inner
    response = get_response(request)
  File "/opt/py3/lib/python3.11/site-packages/django/utils/deprecation.py", line 120, in __call__
    response = response or self.get_response(request)
  File "/opt/py3/lib/python3.11/site-packages/django/core/handlers/exception.py", line 55, in inner
    response = get_response(request)
  File "/opt/py3/lib/python3.11/site-packages/django/utils/deprecation.py", line 120, in __call__
    response = response or self.get_response(request)
  File "/opt/py3/lib/python3.11/site-packages/django/core/handlers/exception.py", line 55, in inner
    response = get_response(request)
  File "/opt/py3/lib/python3.11/site-packages/django/core/handlers/base.py", line 197, in _get_response
    response = wrapped_callback(request, *callback_args, **callback_kwargs)
  File "/opt/py3/lib/python3.11/site-packages/django/views/decorators/csrf.py", line 65, in _view_wrapper
    return view_func(request, *args, **kwargs)
  File "/opt/py3/lib/python3.11/site-packages/django/views/generic/base.py", line 105, in view
    return self.dispatch(request, *args, **kwargs)
  File "/opt/py3/lib/python3.11/site-packages/rest_framework/views.py", line 503, in dispatch
    self.initial(request, *args, **kwargs)
  File "/opt/py3/lib/python3.11/site-packages/rest_framework/views.py", line 420, in initial
    self.perform_authentication(request)
  File "/opt/py3/lib/python3.11/site-packages/rest_framework/views.py", line 330, in perform_authentication
    request.user
  File "/opt/py3/lib/python3.11/site-packages/rest_framework/request.py", line 232, in user
    self._authenticate()
  File "/opt/py3/lib/python3.11/site-packages/rest_framework/request.py", line 385, in _authenticate
    user_auth_tuple = authenticator.authenticate(self)
  File "/opt/maxkb-app/apps/common/auth/authenticate.py", line 91, in authenticate
    traceback.print_stack()
2026-02-19 21:34:07 [log WARNING] Unauthorized: /admin/api/user/profile
2026-02-19 23:35:38 [log WARNING] Not Found: /chat/api/profile
2026-02-19 23:35:45 [log WARNING] Not Found: /chat/api/profile
2026-02-19 23:36:07 [log WARNING] Not Found: /chat/api/profile
2026-02-19 23:46:14 [log WARNING] Not Found: /chat/api/profile
2026-02-19 23:46:51 [log WARNING] Not Found: /chat/api/profile
2026-02-19 23:51:58 [log WARNING] Not Found: /chat/api/profile
2026-02-19 23:52:10 [log WARNING] Not Found: /chat/api/profile
2026-02-19 23:56:11 [log WARNING] Not Found: /chat/api/profile
2026-02-19 23:56:22 [log WARNING] Not Found: /chat/api/profile
2026-02-19 23:56:30 [log WARNING] Not Found: /chat/api/profile
2026-02-19 23:59:17 [log WARNING] Not Found: /chat/api/profile
