2026-02-21 00:19:35 [log WARNING] Unauthorized: /chat/api/open
2026-02-21 00:24:55 [log WARNING] Unauthorized: /chat/api/open
2026-02-21 00:26:24 [log WARNING] Unauthorized: /chat/api/open
2026-02-21 00:46:22 [log WARNING] Not Found: /chat/api/019c525e-7671-7c63-9d84-20b12fc1574e/chat
2026-02-21 00:46:24 [log WARNING] Not Found: /chat/api/019c525e-7671-7c63-9d84-20b12fc1574e/chat
2026-02-21 00:46:26 [log WARNING] Not Found: /chat/api/019c525e-7671-7c63-9d84-20b12fc1574e/chat
Building prefix dict from the default dictionary ...
Loading model from cache /tmp/jieba.cache
Loading model cost 0.743 seconds.
Prefix dict has been built successfully.
[2026-02-21 12:01:07 +0800] [78] [INFO] Starting gunicorn 23.0.0
[2026-02-21 12:01:07 +0800] [78] [INFO] Listening at: http://0.0.0.0:8080 (78)
[2026-02-21 12:01:07 +0800] [78] [INFO] Using worker: gthread
[2026-02-21 12:01:07 +0800] [250] [INFO] Booting worker with pid: 250
[2026-02-21 12:01:07 +0800] [253] [INFO] Booting worker with pid: 253
  File "/usr/local/lib/python3.11/threading.py", line 1002, in _bootstrap
    self._bootstrap_inner()
  File "/usr/local/lib/python3.11/threading.py", line 1045, in _bootstrap_inner
    self.run()
  File "/usr/local/lib/python3.11/threading.py", line 982, in run
    self._target(*self._args, **self._kwargs)
  File "/usr/local/lib/python3.11/concurrent/futures/thread.py", line 83, in _worker
    work_item.run()
  File "/usr/local/lib/python3.11/concurrent/futures/thread.py", line 58, in run
    result = self.fn(*self.args, **self.kwargs)
  File "/opt/py3/lib/python3.11/site-packages/gunicorn/workers/gthread.py", line 281, in handle
    keepalive = self.handle_request(req, conn)
  File "/opt/py3/lib/python3.11/site-packages/gunicorn/workers/gthread.py", line 333, in handle_request
    respiter = self.wsgi(environ, resp.start_response)
  File "/opt/py3/lib/python3.11/site-packages/django/core/handlers/wsgi.py", line 124, in __call__
    response = self.get_response(request)
  File "/opt/py3/lib/python3.11/site-packages/django/core/handlers/base.py", line 140, in get_response
    response = self._middleware_chain(request)
  File "/opt/py3/lib/python3.11/site-packages/django/core/handlers/exception.py", line 55, in inner
    response = get_response(request)
  File "/opt/py3/lib/python3.11/site-packages/django/utils/deprecation.py", line 120, in __call__
    response = response or self.get_response(request)
  File "/opt/py3/lib/python3.11/site-packages/django/core/handlers/exception.py", line 55, in inner
    response = get_response(request)
  File "/opt/py3/lib/python3.11/site-packages/django/utils/deprecation.py", line 120, in __call__
    response = response or self.get_response(request)
  File "/opt/py3/lib/python3.11/site-packages/django/core/handlers/exception.py", line 55, in inner
    response = get_response(request)
  File "/opt/py3/lib/python3.11/site-packages/django/utils/deprecation.py", line 120, in __call__
    response = response or self.get_response(request)
  File "/opt/py3/lib/python3.11/site-packages/django/core/handlers/exception.py", line 55, in inner
    response = get_response(request)
  File "/opt/py3/lib/python3.11/site-packages/django/utils/deprecation.py", line 120, in __call__
    response = response or self.get_response(request)
  File "/opt/py3/lib/python3.11/site-packages/django/core/handlers/exception.py", line 55, in inner
    response = get_response(request)
  File "/opt/py3/lib/python3.11/site-packages/django/utils/deprecation.py", line 120, in __call__
    response = response or self.get_response(request)
  File "/opt/py3/lib/python3.11/site-packages/django/core/handlers/exception.py", line 55, in inner
    response = get_response(request)
  File "/opt/py3/lib/python3.11/site-packages/django/utils/deprecation.py", line 120, in __call__
    response = response or self.get_response(request)
  File "/opt/py3/lib/python3.11/site-packages/django/core/handlers/exception.py", line 55, in inner
    response = get_response(request)
  File "/opt/py3/lib/python3.11/site-packages/django/utils/deprecation.py", line 120, in __call__
    response = response or self.get_response(request)
  File "/opt/py3/lib/python3.11/site-packages/django/core/handlers/exception.py", line 55, in inner
    response = get_response(request)
  File "/opt/py3/lib/python3.11/site-packages/django/utils/deprecation.py", line 120, in __call__
    response = response or self.get_response(request)
  File "/opt/py3/lib/python3.11/site-packages/django/core/handlers/exception.py", line 55, in inner
    response = get_response(request)
  File "/opt/py3/lib/python3.11/site-packages/django/core/handlers/base.py", line 197, in _get_response
    response = wrapped_callback(request, *callback_args, **callback_kwargs)
  File "/opt/py3/lib/python3.11/site-packages/django/views/decorators/csrf.py", line 65, in _view_wrapper
    return view_func(request, *args, **kwargs)
  File "/opt/py3/lib/python3.11/site-packages/django/views/generic/base.py", line 105, in view
    return self.dispatch(request, *args, **kwargs)
  File "/opt/py3/lib/python3.11/site-packages/rest_framework/views.py", line 503, in dispatch
    self.initial(request, *args, **kwargs)
  File "/opt/py3/lib/python3.11/site-packages/rest_framework/views.py", line 420, in initial
    self.perform_authentication(request)
  File "/opt/py3/lib/python3.11/site-packages/rest_framework/views.py", line 330, in perform_authentication
    request.user
  File "/opt/py3/lib/python3.11/site-packages/rest_framework/request.py", line 232, in user
    self._authenticate()
  File "/opt/py3/lib/python3.11/site-packages/rest_framework/request.py", line 385, in _authenticate
    user_auth_tuple = authenticator.authenticate(self)
  File "/opt/maxkb-app/apps/common/auth/authenticate.py", line 91, in authenticate
    traceback.print_stack()
2026-02-21 12:01:17 [log WARNING] Unauthorized: /admin/api/user/profile
2026-02-21 12:14:52 [log WARNING] Not Found: /chat/api/019c525e-7671-7c63-9d84-20b12fc1574e/chat
2026-02-21 12:14:58 [log WARNING] Not Found: /chat/api/019c525e-7671-7c63-9d84-20b12fc1574e/chat
2026-02-21 17:57:15 [log WARNING] Unauthorized: /chat/api/chat_message/019c525e-7671-7c63-9d84-20b12fc1574e
2026-02-21 17:57:17 [log WARNING] Unauthorized: /chat/api/chat_message/019c525e-7671-7c63-9d84-20b12fc1574e
2026-02-21 17:59:07 [log ERROR] Internal Server Error: /chat/api/chat_message/019c525e-7671-7c63-9d84-20b12fc1574e
2026-02-21 18:01:20 [log ERROR] Internal Server Error: /chat/api/chat_message/019c7fa4-7aea-7932-a903-e67c65528b3e
2026-02-21 18:01:28 [log ERROR] Internal Server Error: /chat/api/chat_message/019c7fa4-7aea-7932-a903-e67c65528b3e
2026-02-21 18:01:30 [log ERROR] Internal Server Error: /chat/api/chat_message/019c7fa4-7aea-7932-a903-e67c65528b3e
2026-02-21 18:01:30 [log ERROR] Internal Server Error: /chat/api/chat_message/019c7fa4-7aea-7932-a903-e67c65528b3e
2026-02-21 18:05:30 [log ERROR] Internal Server Error: /chat/api/chat_message/019c7fa8-bb43-7352-98f6-8b1b91335610
2026-02-21 18:05:30 [log ERROR] Internal Server Error: /chat/api/chat_message/019c7fa8-bb43-7352-98f6-8b1b91335610
2026-02-21 18:05:35 [log ERROR] Internal Server Error: /chat/api/chat_message/019c7fa8-bb43-7352-98f6-8b1b91335610
2026-02-21 18:05:36 [log ERROR] Internal Server Error: /chat/api/chat_message/019c7fa8-bb43-7352-98f6-8b1b91335610
2026-02-21 18:05:36 [log ERROR] Internal Server Error: /chat/api/chat_message/019c7fa8-bb43-7352-98f6-8b1b91335610
2026-02-21 18:05:36 [log ERROR] Internal Server Error: /chat/api/chat_message/019c7fa8-bb43-7352-98f6-8b1b91335610
2026-02-21 18:05:36 [log ERROR] Internal Server Error: /chat/api/chat_message/019c7fa8-bb43-7352-98f6-8b1b91335610
2026-02-21 18:05:36 [log ERROR] Internal Server Error: /chat/api/chat_message/019c7fa8-bb43-7352-98f6-8b1b91335610
2026-02-21 18:05:36 [log ERROR] Internal Server Error: /chat/api/chat_message/019c7fa8-bb43-7352-98f6-8b1b91335610
