2026-02-21 00:19:35 [log WARNING] Unauthorized: /chat/api/open
2026-02-21 00:24:55 [log WARNING] Unauthorized: /chat/api/open
2026-02-21 00:26:24 [log WARNING] Unauthorized: /chat/api/open
2026-02-21 00:46:22 [log WARNING] Not Found: /chat/api/019c525e-7671-7c63-9d84-20b12fc1574e/chat
2026-02-21 00:46:24 [log WARNING] Not Found: /chat/api/019c525e-7671-7c63-9d84-20b12fc1574e/chat
2026-02-21 00:46:26 [log WARNING] Not Found: /chat/api/019c525e-7671-7c63-9d84-20b12fc1574e/chat
2026-02-21 12:01:17 [log WARNING] Unauthorized: /admin/api/user/profile
2026-02-21 12:14:52 [log WARNING] Not Found: /chat/api/019c525e-7671-7c63-9d84-20b12fc1574e/chat
2026-02-21 12:14:58 [log WARNING] Not Found: /chat/api/019c525e-7671-7c63-9d84-20b12fc1574e/chat
2026-02-21 17:57:15 [log WARNING] Unauthorized: /chat/api/chat_message/019c525e-7671-7c63-9d84-20b12fc1574e
2026-02-21 17:57:17 [log WARNING] Unauthorized: /chat/api/chat_message/019c525e-7671-7c63-9d84-20b12fc1574e
2026-02-21 17:59:07 [log ERROR] Internal Server Error: /chat/api/chat_message/019c525e-7671-7c63-9d84-20b12fc1574e
2026-02-21 18:01:20 [log ERROR] Internal Server Error: /chat/api/chat_message/019c7fa4-7aea-7932-a903-e67c65528b3e
2026-02-21 18:01:28 [log ERROR] Internal Server Error: /chat/api/chat_message/019c7fa4-7aea-7932-a903-e67c65528b3e
2026-02-21 18:01:30 [log ERROR] Internal Server Error: /chat/api/chat_message/019c7fa4-7aea-7932-a903-e67c65528b3e
2026-02-21 18:01:30 [log ERROR] Internal Server Error: /chat/api/chat_message/019c7fa4-7aea-7932-a903-e67c65528b3e
2026-02-21 18:05:30 [log ERROR] Internal Server Error: /chat/api/chat_message/019c7fa8-bb43-7352-98f6-8b1b91335610
2026-02-21 18:05:30 [log ERROR] Internal Server Error: /chat/api/chat_message/019c7fa8-bb43-7352-98f6-8b1b91335610
2026-02-21 18:05:35 [log ERROR] Internal Server Error: /chat/api/chat_message/019c7fa8-bb43-7352-98f6-8b1b91335610
2026-02-21 18:05:36 [log ERROR] Internal Server Error: /chat/api/chat_message/019c7fa8-bb43-7352-98f6-8b1b91335610
2026-02-21 18:05:36 [log ERROR] Internal Server Error: /chat/api/chat_message/019c7fa8-bb43-7352-98f6-8b1b91335610
2026-02-21 18:05:36 [log ERROR] Internal Server Error: /chat/api/chat_message/019c7fa8-bb43-7352-98f6-8b1b91335610
2026-02-21 18:05:36 [log ERROR] Internal Server Error: /chat/api/chat_message/019c7fa8-bb43-7352-98f6-8b1b91335610
2026-02-21 18:05:36 [log ERROR] Internal Server Error: /chat/api/chat_message/019c7fa8-bb43-7352-98f6-8b1b91335610
2026-02-21 18:05:36 [log ERROR] Internal Server Error: /chat/api/chat_message/019c7fa8-bb43-7352-98f6-8b1b91335610
